[debug] [2020-04-13T04:55:57.305Z] ----------------------------------------------------------------------
[debug] [2020-04-13T04:55:57.314Z] Command:       C:\Program Files\nodejs\node.exe C:\Users\audeta35\AppData\Roaming\npm\node_modules\firebase-tools\lib\bin\firebase.js deploy
[debug] [2020-04-13T04:55:57.315Z] CLI Version:   7.15.1
[debug] [2020-04-13T04:55:57.315Z] Platform:      win32
[debug] [2020-04-13T04:55:57.315Z] Node Version:  v12.16.1
[debug] [2020-04-13T04:55:57.318Z] Time:          Mon Apr 13 2020 11:55:57 GMT+0700 (Western Indonesia Time)
[debug] [2020-04-13T04:55:57.318Z] ----------------------------------------------------------------------
[debug] [2020-04-13T04:55:57.318Z] 
[debug] [2020-04-13T04:55:57.358Z] > command requires scopes: ["email","openid","https://www.googleapis.com/auth/cloudplatformprojects.readonly","https://www.googleapis.com/auth/firebase","https://www.googleapis.com/auth/cloud-platform"]
[debug] [2020-04-13T04:55:57.359Z] > authorizing via signed-in user
[debug] [2020-04-13T04:55:57.360Z] [iam] checking project dev-cuci-sofa for permissions ["firebase.projects.get","firebasehosting.sites.update"]
[debug] [2020-04-13T04:55:57.367Z] > refreshing access token with scopes: ["email","https://www.googleapis.com/auth/cloud-platform","https://www.googleapis.com/auth/cloudplatformprojects.readonly","https://www.googleapis.com/auth/firebase","openid"]
[debug] [2020-04-13T04:55:57.368Z] >>> HTTP REQUEST POST https://www.googleapis.com/oauth2/v3/token  
 <request body omitted>
[debug] [2020-04-13T04:55:57.458Z] [iam] error while checking permissions, command may fail: FirebaseError: Authentication Error: Your credentials are no longer valid. Please run firebase login --reauth

For CI servers and headless environments, generate a new token with firebase login:ci
[debug] [2020-04-13T04:55:57.461Z] > refreshing access token with scopes: ["email","https://www.googleapis.com/auth/cloud-platform","https://www.googleapis.com/auth/cloudplatformprojects.readonly","https://www.googleapis.com/auth/firebase","openid"]
[debug] [2020-04-13T04:55:57.461Z] >>> HTTP REQUEST POST https://www.googleapis.com/oauth2/v3/token  
 <request body omitted>
[debug] [2020-04-13T04:55:57.473Z] Authentication Error: Your credentials are no longer valid. Please run firebase login --reauth

For CI servers and headless environments, generate a new token with firebase login:ci
[debug] [2020-04-13T04:55:57.477Z] FirebaseError: Authentication Error: Your credentials are no longer valid. Please run firebase login --reauth

For CI servers and headless environments, generate a new token with firebase login:ci
    at Object.<anonymous> (C:\Users\audeta35\AppData\Roaming\npm\node_modules\firebase-tools\lib\auth.js:23:32)
    at Module._compile (internal/modules/cjs/loader.js:1158:30)
    at Object.Module._extensions..js (internal/modules/cjs/loader.js:1178:10)
    at Module.load (internal/modules/cjs/loader.js:1002:32)
    at Function.Module._load (internal/modules/cjs/loader.js:901:14)
    at Module.require (internal/modules/cjs/loader.js:1044:19)
    at require (internal/modules/cjs/helpers.js:77:18)
    at Object.<anonymous> (C:\Users\audeta35\AppData\Roaming\npm\node_modules\firebase-tools\lib\commands\login.js:8:12)
    at Module._compile (internal/modules/cjs/loader.js:1158:30)
    at Object.Module._extensions..js (internal/modules/cjs/loader.js:1178:10)
    at Module.load (internal/modules/cjs/loader.js:1002:32)
    at Function.Module._load (internal/modules/cjs/loader.js:901:14)
    at Module.require (internal/modules/cjs/loader.js:1044:19)
    at require (internal/modules/cjs/helpers.js:77:18)
    at loadCommand (C:\Users\audeta35\AppData\Roaming\npm\node_modules\firebase-tools\lib\commands\index.js:5:19)
    at module.exports (C:\Users\audeta35\AppData\Roaming\npm\node_modules\firebase-tools\lib\commands\index.js:85:20)
[error] 
[error] Error: Failed to get Firebase project dev-cuci-sofa. Please make sure the project exists and your account has permission to access it.
[debug] [2020-04-13T04:57:47.846Z] ----------------------------------------------------------------------
[debug] [2020-04-13T04:57:47.854Z] Command:       C:\Program Files\nodejs\node.exe C:\Users\audeta35\AppData\Roaming\npm\node_modules\firebase-tools\lib\bin\firebase.js deploy
[debug] [2020-04-13T04:57:47.854Z] CLI Version:   7.15.1
[debug] [2020-04-13T04:57:47.854Z] Platform:      win32
[debug] [2020-04-13T04:57:47.854Z] Node Version:  v12.16.1
[debug] [2020-04-13T04:57:47.857Z] Time:          Mon Apr 13 2020 11:57:47 GMT+0700 (Western Indonesia Time)
[debug] [2020-04-13T04:57:47.857Z] ----------------------------------------------------------------------
[debug] [2020-04-13T04:57:47.858Z] 
[debug] [2020-04-13T04:57:47.895Z] > command requires scopes: ["email","openid","https://www.googleapis.com/auth/cloudplatformprojects.readonly","https://www.googleapis.com/auth/firebase","https://www.googleapis.com/auth/cloud-platform"]
[debug] [2020-04-13T04:57:47.897Z] > authorizing via signed-in user
[debug] [2020-04-13T04:57:47.897Z] [iam] checking project dev-cuci-sofa for permissions ["firebase.projects.get","firebasehosting.sites.update"]
[debug] [2020-04-13T04:57:47.904Z] > refreshing access token with scopes: ["email","https://www.googleapis.com/auth/cloud-platform","https://www.googleapis.com/auth/cloudplatformprojects.readonly","https://www.googleapis.com/auth/firebase","openid"]
[debug] [2020-04-13T04:57:47.904Z] >>> HTTP REQUEST POST https://www.googleapis.com/oauth2/v3/token  
 <request body omitted>
[debug] [2020-04-13T04:57:48.251Z] <<< HTTP RESPONSE 200
[debug] [2020-04-13T04:57:48.331Z] >>> HTTP REQUEST POST https://cloudresourcemanager.googleapis.com/v1/projects/dev-cuci-sofa:testIamPermissions  

[debug] [2020-04-13T04:57:49.825Z] <<< HTTP RESPONSE 200
[debug] [2020-04-13T04:57:49.829Z] >>> HTTP REQUEST GET https://firebase.googleapis.com/v1beta1/projects/dev-cuci-sofa  
 
[debug] [2020-04-13T04:57:50.224Z] <<< HTTP RESPONSE 200
[info] 
[info] === Deploying to 'dev-cuci-sofa'...
[info] 
[info] i  deploying hosting
[debug] [2020-04-13T04:57:50.241Z] >>> HTTP REQUEST POST https://firebasehosting.googleapis.com/v1beta1/sites/dev-cuci-sofa/versions  

[debug] [2020-04-13T04:57:52.230Z] <<< HTTP RESPONSE 200
[info] i  hosting[dev-cuci-sofa]: beginning deploy...
[info] i  hosting[dev-cuci-sofa]: found 200 files in out
[debug] [2020-04-13T04:58:12.814Z] [hosting] hash cache [b3V0] stored for 200 files
[debug] [2020-04-13T04:58:12.829Z] [hosting][hash queue][FINAL]
[debug] [2020-04-13T04:58:12.830Z] >>> HTTP REQUEST POST https://firebasehosting.googleapis.com/v1beta1/sites/dev-cuci-sofa/versions/ff10582774e63ae3:populateFiles  
 <request body omitted>
[debug] [2020-04-13T04:58:15.856Z] <<< HTTP RESPONSE 200
[debug] [2020-04-13T04:58:16.714Z] [hosting][populate queue][FINAL]
[debug] [2020-04-13T04:58:16.716Z] [hosting] uploads queued: 170
[debug] [2020-04-13T04:58:50.579Z] [uploadQueue] Retrying task f79dad18cc349df6f05a33e144257676a31043dd01b4953f631e725d339db6f1
[debug] [2020-04-13T04:58:50.859Z] [uploadQueue] Retrying task 845c39a933a83600059224274294559e1f5b9a3b342878f479c3bee737d494cd
[debug] [2020-04-13T04:58:51.892Z] [uploadQueue] Retrying task 12aa41b53e5bffa24f9013c247558e0f6227338603edd336370d243faf8c9735
[debug] [2020-04-13T04:59:12.446Z] [uploadQueue] Retrying task f79dad18cc349df6f05a33e144257676a31043dd01b4953f631e725d339db6f1
[debug] [2020-04-13T04:59:12.671Z] [uploadQueue] Retrying task 845c39a933a83600059224274294559e1f5b9a3b342878f479c3bee737d494cd
[debug] [2020-04-13T04:59:13.703Z] [uploadQueue] Retrying task 12aa41b53e5bffa24f9013c247558e0f6227338603edd336370d243faf8c9735
[debug] [2020-04-13T04:59:35.065Z] [uploadQueue] Retrying task f79dad18cc349df6f05a33e144257676a31043dd01b4953f631e725d339db6f1
[debug] [2020-04-13T04:59:35.286Z] [uploadQueue] Retrying task 845c39a933a83600059224274294559e1f5b9a3b342878f479c3bee737d494cd
[debug] [2020-04-13T04:59:36.316Z] [uploadQueue] Retrying task 12aa41b53e5bffa24f9013c247558e0f6227338603edd336370d243faf8c9735
[debug] [2020-04-13T04:59:59.293Z] [uploadQueue] Retrying task f79dad18cc349df6f05a33e144257676a31043dd01b4953f631e725d339db6f1
[debug] [2020-04-13T04:59:59.502Z] [uploadQueue] Retrying task 845c39a933a83600059224274294559e1f5b9a3b342878f479c3bee737d494cd
[debug] [2020-04-13T05:00:00.523Z] [uploadQueue] Retrying task 12aa41b53e5bffa24f9013c247558e0f6227338603edd336370d243faf8c9735
[debug] [2020-04-13T05:01:23.236Z] ----------------------------------------------------------------------
[debug] [2020-04-13T05:01:23.244Z] Command:       C:\Program Files\nodejs\node.exe C:\Users\audeta35\AppData\Roaming\npm\node_modules\firebase-tools\lib\bin\firebase.js deploy
[debug] [2020-04-13T05:01:23.244Z] CLI Version:   7.15.1
[debug] [2020-04-13T05:01:23.245Z] Platform:      win32
[debug] [2020-04-13T05:01:23.245Z] Node Version:  v12.16.1
[debug] [2020-04-13T05:01:23.247Z] Time:          Mon Apr 13 2020 12:01:23 GMT+0700 (Western Indonesia Time)
[debug] [2020-04-13T05:01:23.248Z] ----------------------------------------------------------------------
[debug] [2020-04-13T05:01:23.248Z] 
[debug] [2020-04-13T05:01:23.273Z] > command requires scopes: ["email","openid","https://www.googleapis.com/auth/cloudplatformprojects.readonly","https://www.googleapis.com/auth/firebase","https://www.googleapis.com/auth/cloud-platform"]
[debug] [2020-04-13T05:01:23.275Z] > authorizing via signed-in user
[debug] [2020-04-13T05:01:23.276Z] [iam] checking project dev-cuci-sofa for permissions ["firebase.projects.get","firebasehosting.sites.update"]
[debug] [2020-04-13T05:01:23.283Z] >>> HTTP REQUEST POST https://cloudresourcemanager.googleapis.com/v1/projects/dev-cuci-sofa:testIamPermissions  

[debug] [2020-04-13T05:01:44.374Z] [iam] error while checking permissions, command may fail: FirebaseError: Server Error. connect ETIMEDOUT 172.217.194.95:443
[debug] [2020-04-13T05:01:44.377Z] >>> HTTP REQUEST GET https://firebase.googleapis.com/v1beta1/projects/dev-cuci-sofa  
 
[debug] [2020-04-13T05:02:05.418Z] Server Error. connect ETIMEDOUT 172.217.194.95:443
[debug] [2020-04-13T05:02:05.426Z] FirebaseError: Server Error. connect ETIMEDOUT 172.217.194.95:443
    at Request._callback (C:\Users\audeta35\AppData\Roaming\npm\node_modules\firebase-tools\lib\api.js:30:31)
    at self.callback (C:\Users\audeta35\AppData\Roaming\npm\node_modules\firebase-tools\node_modules\request\request.js:185:22)
    at Request.emit (events.js:311:20)
    at Request.EventEmitter.emit (domain.js:482:12)
    at Request.onRequestError (C:\Users\audeta35\AppData\Roaming\npm\node_modules\firebase-tools\node_modules\request\request.js:877:8)
    at ClientRequest.emit (events.js:323:22)
    at ClientRequest.EventEmitter.emit (domain.js:482:12)
    at TLSSocket.socketErrorListener (_http_client.js:426:9)
    at TLSSocket.emit (events.js:311:20)
    at TLSSocket.EventEmitter.emit (domain.js:482:12)
    at emitErrorNT (internal/streams/destroy.js:92:8)
    at emitErrorAndCloseNT (internal/streams/destroy.js:60:3)
    at processTicksAndRejections (internal/process/task_queues.js:84:21)
[error] 
[error] Error: Failed to get Firebase project dev-cuci-sofa. Please make sure the project exists and your account has permission to access it.
